124
[WARNING] Recursive function detected: 
parser_parse_expression


          Stack overflow possible. Consider tail call optimization or iterative approach.

[WARNING] Recursive function detected: 
parser_parse_comparison_level


          Stack overflow possible. Consider tail call optimization or iterative approach.

[WARNING] Recursive function detected: 
parser_parse_additive


          Stack overflow possible. Consider tail call optimization or iterative approach.

[WARNING] Recursive function detected: 
parser_parse_primary_with_postfix


          Stack overflow possible. Consider tail call optimization or iterative approach.

[WARNING] Recursive function detected: 
parser_parse_a_value_of_type


          Stack overflow possible. Consider tail call optimization or iterative approach.

[WARNING] Recursive function detected: 
parser_parse_proc_expression


          Stack overflow possible. Consider tail call optimization or iterative approach.

[WARNING] Recursive function detected: 
parser_parse_a_list_literal


          Stack overflow possible. Consider tail call optimization or iterative approach.

[WARNING] Recursive function detected: 
parser_parse_a_dictionary_literal


          Stack overflow possible. Consider tail call optimization or iterative approach.

[WARNING] Recursive function detected: 
lambda_collect_free_vars


          Stack overflow possible. Consider tail call optimization or iterative approach.

[WARNING] Recursive function detected: 
parser_parse_primary


          Stack overflow possible. Consider tail call optimization or iterative approach.

[WARNING] Recursive function detected: 
parser_parse_statement_block


          Stack overflow possible. Consider tail call optimization or iterative approach.

[WARNING] Recursive function detected: 
parser_parse_while_statement


          Stack overflow possible. Consider tail call optimization or iterative approach.

[WARNING] Recursive function detected: 
parser_parse_loop_forever


          Stack overflow possible. Consider tail call optimization or iterative approach.

[WARNING] Recursive function detected: 
parser_parse_for_range_statement


          Stack overflow possible. Consider tail call optimization or iterative approach.

[WARNING] Recursive function detected: 
parser_parse_if_statement


          Stack overflow possible. Consider tail call optimization or iterative approach.

[WARNING] Recursive function detected: 
parser_parse_match_statement


          Stack overflow possible. Consider tail call optimization or iterative approach.

[WARNING] Recursive function detected: 
expression_destroy


          Stack overflow possible. Consider tail call optimization or iterative approach.

[WARNING] Recursive function detected: 
type_destroy


          Stack overflow possible. Consider tail call optimization or iterative approach.

Successfully compiled 'v0.0.8.4.5.3.5/src/parser.runa' to 'v0.0.8.4.5.3.5/stage2/parser.s'
