	Command being timed: "/mnt/d/SybertneticsUmbrella/SybertneticsAISolutions/MonoRepo/RunaLang/runa/bootstrap/v0.0.8.4.5.2.5/stage1/runac v0.0.8.4.5.3/src/containers.runa v0.0.8.4.5.3/build_new/containers.s"
	User time (seconds): 2.03
	System time (seconds): 0.01
	Percent of CPU this job got: 78%
	Elapsed (wall clock) time (h:mm:ss or m:ss): 0:02.61
	Average shared text size (kbytes): 0
	Average unshared data size (kbytes): 0
	Average stack size (kbytes): 0
	Average total size (kbytes): 0
	Maximum resident set size (kbytes): 2944
	Average resident set size (kbytes): 0
	Major (requiring I/O) page faults: 8
	Minor (reclaiming a frame) page faults: 334
	Voluntary context switches: 49
	Involuntary context switches: 588
	Swaps: 0
	File system inputs: 584
	File system outputs: 0
	Socket messages sent: 0
	Socket messages received: 0
	Signals delivered: 0
	Page size (bytes): 4096
	Exit status: 0
