	Command being timed: "/mnt/d/SybertneticsUmbrella/SybertneticsAISolutions/MonoRepo/RunaLang/runa/bootstrap/v0.0.8.4.5.3/build_new/runac v0.0.8.4.5.3.5/src/lexer.runa v0.0.8.4.5.3.5/stage1/lexer.s"
	User time (seconds): 6.27
	System time (seconds): 0.00
	Percent of CPU this job got: 100%
	Elapsed (wall clock) time (h:mm:ss or m:ss): 0:06.23
	Average shared text size (kbytes): 0
	Average unshared data size (kbytes): 0
	Average stack size (kbytes): 0
	Average total size (kbytes): 0
	Maximum resident set size (kbytes): 3712
	Average resident set size (kbytes): 0
	Major (requiring I/O) page faults: 8
	Minor (reclaiming a frame) page faults: 487
	Voluntary context switches: 50
	Involuntary context switches: 8
	Swaps: 0
	File system inputs: 608
	File system outputs: 0
	Socket messages sent: 0
	Socket messages received: 0
	Signals delivered: 0
	Page size (bytes): 4096
	Exit status: 0
