	Command being timed: "/mnt/d/SybertneticsUmbrella/SybertneticsAISolutions/MonoRepo/RunaLang/runa/bootstrap/v0.0.8.4.5.3/build_new/runac v0.0.8.4.5.3.5/src/parser.runa v0.0.8.4.5.3.5/stage1/parser.s"
	User time (seconds): 206.29
	System time (seconds): 0.02
	Percent of CPU this job got: 99%
	Elapsed (wall clock) time (h:mm:ss or m:ss): 3:26.33
	Average shared text size (kbytes): 0
	Average unshared data size (kbytes): 0
	Average stack size (kbytes): 0
	Average total size (kbytes): 0
	Maximum resident set size (kbytes): 8064
	Average resident set size (kbytes): 0
	Major (requiring I/O) page faults: 8
	Minor (reclaiming a frame) page faults: 1708
	Voluntary context switches: 62
	Involuntary context switches: 741
	Swaps: 0
	File system inputs: 608
	File system outputs: 0
	Socket messages sent: 0
	Socket messages received: 0
	Signals delivered: 0
	Page size (bytes): 4096
	Exit status: 0
